<?xml version="1.0" encoding="UTF-8"?>
<testsuite xmlns:xsi="http://www.w3.org/2001/XMLSchema-instance" xsi:noNamespaceSchemaLocation="https://maven.apache.org/surefire/maven-surefire-plugin/xsd/surefire-test-report.xsd" name="com.example.demo1.DemoApplicationTests" time="12.534" tests="1" errors="0" skipped="0" failures="0">
  <properties>
    <property name="sun.desktop" value="windows"/>
    <property name="awt.toolkit" value="sun.awt.windows.WToolkit"/>
    <property name="file.encoding.pkg" value="sun.io"/>
    <property name="java.specification.version" value="1.8"/>
    <property name="sun.cpu.isalist" value="amd64"/>
    <property name="sun.jnu.encoding" value="Cp1252"/>
    <property name="java.class.path" value="C:\Users\C5278536\Documents\Learnings\Spring Boot\Example1\demo1\target\test-classes;C:\Users\C5278536\Documents\Learnings\Spring Boot\Example1\demo1\target\classes;C:\Users\C5278536\.m2\repository\org\springframework\cloud\spring-cloud-cloudfoundry-connector\2.0.6.RELEASE\spring-cloud-cloudfoundry-connector-2.0.6.RELEASE.jar;C:\Users\C5278536\.m2\repository\org\springframework\cloud\spring-cloud-connectors-core\2.0.6.RELEASE\spring-cloud-connectors-core-2.0.6.RELEASE.jar;C:\Users\C5278536\.m2\repository\org\springframework\cloud\spring-cloud-spring-service-connector\2.0.6.RELEASE\spring-cloud-spring-service-connector-2.0.6.RELEASE.jar;C:\Users\C5278536\.m2\repository\org\springframework\spring-context\5.1.10.RELEASE\spring-context-5.1.10.RELEASE.jar;C:\Users\C5278536\.m2\repository\org\springframework\spring-aop\5.1.10.RELEASE\spring-aop-5.1.10.RELEASE.jar;C:\Users\C5278536\.m2\repository\org\springframework\spring-beans\5.1.10.RELEASE\spring-beans-5.1.10.RELEASE.jar;C:\Users\C5278536\.m2\repository\org\springframework\spring-expression\5.1.10.RELEASE\spring-expression-5.1.10.RELEASE.jar;C:\Users\C5278536\.m2\repository\org\springframework\boot\spring-boot-starter-cloud-connectors\2.1.9.RELEASE\spring-boot-starter-cloud-connectors-2.1.9.RELEASE.jar;C:\Users\C5278536\.m2\repository\org\springframework\boot\spring-boot-starter\2.1.9.RELEASE\spring-boot-starter-2.1.9.RELEASE.jar;C:\Users\C5278536\.m2\repository\org\springframework\boot\spring-boot-starter-logging\2.1.9.RELEASE\spring-boot-starter-logging-2.1.9.RELEASE.jar;C:\Users\C5278536\.m2\repository\ch\qos\logback\logback-classic\1.2.3\logback-classic-1.2.3.jar;C:\Users\C5278536\.m2\repository\ch\qos\logback\logback-core\1.2.3\logback-core-1.2.3.jar;C:\Users\C5278536\.m2\repository\org\apache\logging\log4j\log4j-to-slf4j\2.11.2\log4j-to-slf4j-2.11.2.jar;C:\Users\C5278536\.m2\repository\org\apache\logging\log4j\log4j-api\2.11.2\log4j-api-2.11.2.jar;C:\Users\C5278536\.m2\repository\org\slf4j\jul-to-slf4j\1.7.28\jul-to-slf4j-1.7.28.jar;C:\Users\C5278536\.m2\repository\org\yaml\snakeyaml\1.23\snakeyaml-1.23.jar;C:\Users\C5278536\.m2\repository\org\springframework\cloud\spring-cloud-heroku-connector\2.0.6.RELEASE\spring-cloud-heroku-connector-2.0.6.RELEASE.jar;C:\Users\C5278536\.m2\repository\org\springframework\cloud\spring-cloud-localconfig-connector\2.0.6.RELEASE\spring-cloud-localconfig-connector-2.0.6.RELEASE.jar;C:\Users\C5278536\.m2\repository\org\apache\commons\commons-lang3\3.8.1\commons-lang3-3.8.1.jar;C:\Users\C5278536\.m2\repository\com\sap\cloud\db\jdbc\ngdbc\2.3.62\ngdbc-2.3.62.jar;C:\Users\C5278536\.m2\repository\org\projectlombok\lombok\1.18.10\lombok-1.18.10.jar;C:\Users\C5278536\.m2\repository\org\springframework\boot\spring-boot-starter-web\2.1.9.RELEASE\spring-boot-starter-web-2.1.9.RELEASE.jar;C:\Users\C5278536\.m2\repository\org\springframework\boot\spring-boot-starter-json\2.1.9.RELEASE\spring-boot-starter-json-2.1.9.RELEASE.jar;C:\Users\C5278536\.m2\repository\com\fasterxml\jackson\datatype\jackson-datatype-jdk8\2.9.9\jackson-datatype-jdk8-2.9.9.jar;C:\Users\C5278536\.m2\repository\com\fasterxml\jackson\datatype\jackson-datatype-jsr310\2.9.9\jackson-datatype-jsr310-2.9.9.jar;C:\Users\C5278536\.m2\repository\com\fasterxml\jackson\module\jackson-module-parameter-names\2.9.9\jackson-module-parameter-names-2.9.9.jar;C:\Users\C5278536\.m2\repository\org\hibernate\validator\hibernate-validator\6.0.17.Final\hibernate-validator-6.0.17.Final.jar;C:\Users\C5278536\.m2\repository\javax\validation\validation-api\2.0.1.Final\validation-api-2.0.1.Final.jar;C:\Users\C5278536\.m2\repository\org\jboss\logging\jboss-logging\3.3.3.Final\jboss-logging-3.3.3.Final.jar;C:\Users\C5278536\.m2\repository\com\fasterxml\classmate\1.4.0\classmate-1.4.0.jar;C:\Users\C5278536\.m2\repository\org\springframework\spring-web\5.1.10.RELEASE\spring-web-5.1.10.RELEASE.jar;C:\Users\C5278536\.m2\repository\org\springframework\spring-webmvc\5.1.10.RELEASE\spring-webmvc-5.1.10.RELEASE.jar;C:\Users\C5278536\.m2\repository\com\sap\cloud\neo-java-web-api\3.34.3\neo-java-web-api-3.34.3.jar;C:\Users\C5278536\.m2\repository\javax\servlet\jsp\javax.servlet.jsp-api\2.3.1\javax.servlet.jsp-api-2.3.1.jar;C:\Users\C5278536\.m2\repository\javax\mail\javax.mail-api\1.6.2\javax.mail-api-1.6.2.jar;C:\Users\C5278536\.m2\repository\org\slf4j\slf4j-api\1.7.28\slf4j-api-1.7.28.jar;C:\Users\C5278536\.m2\repository\org\apache\chemistry\opencmis\chemistry-opencmis-client-api\1.0.0\chemistry-opencmis-client-api-1.0.0.jar;C:\Users\C5278536\.m2\repository\javax\websocket\javax.websocket-api\1.1\javax.websocket-api-1.1.jar;C:\Users\C5278536\.m2\repository\javax\el\javax.el-api\3.0.0\javax.el-api-3.0.0.jar;C:\Users\C5278536\.m2\repository\org\apache\chemistry\opencmis\chemistry-opencmis-commons-api\1.0.0\chemistry-opencmis-commons-api-1.0.0.jar;C:\Users\C5278536\.m2\repository\org\glassfish\javax.annotation\3.1-b41\javax.annotation-3.1-b41.jar;C:\Users\C5278536\.m2\repository\javax\servlet\javax.servlet-api\4.0.1\javax.servlet-api-4.0.1.jar;C:\Users\C5278536\.m2\repository\org\springframework\boot\spring-boot-starter-tomcat\2.1.9.RELEASE\spring-boot-starter-tomcat-2.1.9.RELEASE.jar;C:\Users\C5278536\.m2\repository\javax\annotation\javax.annotation-api\1.3.2\javax.annotation-api-1.3.2.jar;C:\Users\C5278536\.m2\repository\org\apache\tomcat\embed\tomcat-embed-core\9.0.26\tomcat-embed-core-9.0.26.jar;C:\Users\C5278536\.m2\repository\org\apache\tomcat\embed\tomcat-embed-el\9.0.26\tomcat-embed-el-9.0.26.jar;C:\Users\C5278536\.m2\repository\org\apache\tomcat\embed\tomcat-embed-websocket\9.0.26\tomcat-embed-websocket-9.0.26.jar;C:\Users\C5278536\.m2\repository\org\springframework\boot\spring-boot-devtools\2.1.9.RELEASE\spring-boot-devtools-2.1.9.RELEASE.jar;C:\Users\C5278536\.m2\repository\org\springframework\boot\spring-boot\2.1.9.RELEASE\spring-boot-2.1.9.RELEASE.jar;C:\Users\C5278536\.m2\repository\org\springframework\boot\spring-boot-autoconfigure\2.1.9.RELEASE\spring-boot-autoconfigure-2.1.9.RELEASE.jar;C:\Users\C5278536\.m2\repository\com\h2database\h2\1.4.199\h2-1.4.199.jar;C:\Users\C5278536\.m2\repository\org\eclipse\persistence\org.eclipse.persistence.core\2.7.4\org.eclipse.persistence.core-2.7.4.jar;C:\Users\C5278536\.m2\repository\org\eclipse\persistence\org.eclipse.persistence.asm\2.7.4\org.eclipse.persistence.asm-2.7.4.jar;C:\Users\C5278536\.m2\repository\org\eclipse\persistence\org.eclipse.persistence.jpa\2.7.4\org.eclipse.persistence.jpa-2.7.4.jar;C:\Users\C5278536\.m2\repository\org\eclipse\persistence\jakarta.persistence\2.2.2\jakarta.persistence-2.2.2.jar;C:\Users\C5278536\.m2\repository\org\eclipse\persistence\org.eclipse.persistence.antlr\2.7.4\org.eclipse.persistence.antlr-2.7.4.jar;C:\Users\C5278536\.m2\repository\org\eclipse\persistence\org.eclipse.persistence.jpa.jpql\2.7.4\org.eclipse.persistence.jpa.jpql-2.7.4.jar;C:\Users\C5278536\.m2\repository\org\springframework\boot\spring-boot-starter-test\2.1.9.RELEASE\spring-boot-starter-test-2.1.9.RELEASE.jar;C:\Users\C5278536\.m2\repository\org\springframework\boot\spring-boot-test\2.1.9.RELEASE\spring-boot-test-2.1.9.RELEASE.jar;C:\Users\C5278536\.m2\repository\org\springframework\boot\spring-boot-test-autoconfigure\2.1.9.RELEASE\spring-boot-test-autoconfigure-2.1.9.RELEASE.jar;C:\Users\C5278536\.m2\repository\com\jayway\jsonpath\json-path\2.4.0\json-path-2.4.0.jar;C:\Users\C5278536\.m2\repository\net\minidev\json-smart\2.3\json-smart-2.3.jar;C:\Users\C5278536\.m2\repository\net\minidev\accessors-smart\1.2\accessors-smart-1.2.jar;C:\Users\C5278536\.m2\repository\org\ow2\asm\asm\5.0.4\asm-5.0.4.jar;C:\Users\C5278536\.m2\repository\junit\junit\4.12\junit-4.12.jar;C:\Users\C5278536\.m2\repository\org\assertj\assertj-core\3.11.1\assertj-core-3.11.1.jar;C:\Users\C5278536\.m2\repository\org\mockito\mockito-core\2.23.4\mockito-core-2.23.4.jar;C:\Users\C5278536\.m2\repository\net\bytebuddy\byte-buddy\1.9.16\byte-buddy-1.9.16.jar;C:\Users\C5278536\.m2\repository\net\bytebuddy\byte-buddy-agent\1.9.16\byte-buddy-agent-1.9.16.jar;C:\Users\C5278536\.m2\repository\org\objenesis\objenesis\2.6\objenesis-2.6.jar;C:\Users\C5278536\.m2\repository\org\hamcrest\hamcrest-core\1.3\hamcrest-core-1.3.jar;C:\Users\C5278536\.m2\repository\org\hamcrest\hamcrest-library\1.3\hamcrest-library-1.3.jar;C:\Users\C5278536\.m2\repository\org\skyscreamer\jsonassert\1.5.0\jsonassert-1.5.0.jar;C:\Users\C5278536\.m2\repository\com\vaadin\external\google\android-json\0.0.20131108.vaadin1\android-json-0.0.20131108.vaadin1.jar;C:\Users\C5278536\.m2\repository\org\springframework\spring-core\5.1.10.RELEASE\spring-core-5.1.10.RELEASE.jar;C:\Users\C5278536\.m2\repository\org\springframework\spring-jcl\5.1.10.RELEASE\spring-jcl-5.1.10.RELEASE.jar;C:\Users\C5278536\.m2\repository\org\springframework\spring-test\5.1.10.RELEASE\spring-test-5.1.10.RELEASE.jar;C:\Users\C5278536\.m2\repository\org\xmlunit\xmlunit-core\2.6.3\xmlunit-core-2.6.3.jar;C:\Users\C5278536\.m2\repository\org\springframework\boot\spring-boot-starter-data-jpa\2.1.9.RELEASE\spring-boot-starter-data-jpa-2.1.9.RELEASE.jar;C:\Users\C5278536\.m2\repository\org\springframework\boot\spring-boot-starter-aop\2.1.9.RELEASE\spring-boot-starter-aop-2.1.9.RELEASE.jar;C:\Users\C5278536\.m2\repository\org\aspectj\aspectjweaver\1.9.4\aspectjweaver-1.9.4.jar;C:\Users\C5278536\.m2\repository\org\springframework\boot\spring-boot-starter-jdbc\2.1.9.RELEASE\spring-boot-starter-jdbc-2.1.9.RELEASE.jar;C:\Users\C5278536\.m2\repository\com\zaxxer\HikariCP\3.2.0\HikariCP-3.2.0.jar;C:\Users\C5278536\.m2\repository\org\springframework\spring-jdbc\5.1.10.RELEASE\spring-jdbc-5.1.10.RELEASE.jar;C:\Users\C5278536\.m2\repository\javax\transaction\javax.transaction-api\1.3\javax.transaction-api-1.3.jar;C:\Users\C5278536\.m2\repository\javax\xml\bind\jaxb-api\2.3.1\jaxb-api-2.3.1.jar;C:\Users\C5278536\.m2\repository\javax\activation\javax.activation-api\1.2.0\javax.activation-api-1.2.0.jar;C:\Users\C5278536\.m2\repository\org\hibernate\hibernate-core\5.3.12.Final\hibernate-core-5.3.12.Final.jar;C:\Users\C5278536\.m2\repository\javax\persistence\javax.persistence-api\2.2\javax.persistence-api-2.2.jar;C:\Users\C5278536\.m2\repository\org\javassist\javassist\3.23.2-GA\javassist-3.23.2-GA.jar;C:\Users\C5278536\.m2\repository\antlr\antlr\2.7.7\antlr-2.7.7.jar;C:\Users\C5278536\.m2\repository\org\jboss\jandex\2.0.5.Final\jandex-2.0.5.Final.jar;C:\Users\C5278536\.m2\repository\org\dom4j\dom4j\2.1.1\dom4j-2.1.1.jar;C:\Users\C5278536\.m2\repository\org\hibernate\common\hibernate-commons-annotations\5.0.4.Final\hibernate-commons-annotations-5.0.4.Final.jar;C:\Users\C5278536\.m2\repository\org\glassfish\jaxb\jaxb-runtime\2.3.1\jaxb-runtime-2.3.1.jar;C:\Users\C5278536\.m2\repository\org\glassfish\jaxb\txw2\2.3.1\txw2-2.3.1.jar;C:\Users\C5278536\.m2\repository\com\sun\istack\istack-commons-runtime\3.0.7\istack-commons-runtime-3.0.7.jar;C:\Users\C5278536\.m2\repository\org\jvnet\staxex\stax-ex\1.8\stax-ex-1.8.jar;C:\Users\C5278536\.m2\repository\com\sun\xml\fastinfoset\FastInfoset\1.2.15\FastInfoset-1.2.15.jar;C:\Users\C5278536\.m2\repository\org\springframework\data\spring-data-jpa\2.1.11.RELEASE\spring-data-jpa-2.1.11.RELEASE.jar;C:\Users\C5278536\.m2\repository\org\springframework\data\spring-data-commons\2.1.11.RELEASE\spring-data-commons-2.1.11.RELEASE.jar;C:\Users\C5278536\.m2\repository\org\springframework\spring-orm\5.1.10.RELEASE\spring-orm-5.1.10.RELEASE.jar;C:\Users\C5278536\.m2\repository\org\springframework\spring-tx\5.1.10.RELEASE\spring-tx-5.1.10.RELEASE.jar;C:\Users\C5278536\.m2\repository\org\springframework\spring-aspects\5.1.10.RELEASE\spring-aspects-5.1.10.RELEASE.jar;C:\Users\C5278536\.m2\repository\com\fasterxml\jackson\core\jackson-databind\2.9.9.3\jackson-databind-2.9.9.3.jar;C:\Users\C5278536\.m2\repository\com\fasterxml\jackson\core\jackson-annotations\2.9.0\jackson-annotations-2.9.0.jar;C:\Users\C5278536\.m2\repository\com\fasterxml\jackson\core\jackson-core\2.9.9\jackson-core-2.9.9.jar;"/>
    <property name="java.vm.vendor" value="Oracle Corporation"/>
    <property name="sun.arch.data.model" value="64"/>
    <property name="user.variant" value=""/>
    <property name="java.vendor.url" value="http://java.oracle.com/"/>
    <property name="user.timezone" value="Asia/Calcutta"/>
    <property name="java.vm.specification.version" value="1.8"/>
    <property name="os.name" value="Windows 10"/>
    <property name="user.country" value="US"/>
    <property name="sun.java.launcher" value="SUN_STANDARD"/>
    <property name="sun.boot.library.path" value="C:\Program Files\Java\jdk1.8.0_221\jre\bin"/>
    <property name="sun.java.command" value="C:\Users\C5278536\AppData\Local\Temp\surefire3362343874677819475\surefirebooter7935633094526497192.jar C:\Users\C5278536\AppData\Local\Temp\surefire3362343874677819475 2019-10-07T15-50-39_921-jvmRun1 surefire6437199148946244447tmp surefire_05403404226369300339tmp"/>
    <property name="surefire.test.class.path" value="C:\Users\C5278536\Documents\Learnings\Spring Boot\Example1\demo1\target\test-classes;C:\Users\C5278536\Documents\Learnings\Spring Boot\Example1\demo1\target\classes;C:\Users\C5278536\.m2\repository\org\springframework\cloud\spring-cloud-cloudfoundry-connector\2.0.6.RELEASE\spring-cloud-cloudfoundry-connector-2.0.6.RELEASE.jar;C:\Users\C5278536\.m2\repository\org\springframework\cloud\spring-cloud-connectors-core\2.0.6.RELEASE\spring-cloud-connectors-core-2.0.6.RELEASE.jar;C:\Users\C5278536\.m2\repository\org\springframework\cloud\spring-cloud-spring-service-connector\2.0.6.RELEASE\spring-cloud-spring-service-connector-2.0.6.RELEASE.jar;C:\Users\C5278536\.m2\repository\org\springframework\spring-context\5.1.10.RELEASE\spring-context-5.1.10.RELEASE.jar;C:\Users\C5278536\.m2\repository\org\springframework\spring-aop\5.1.10.RELEASE\spring-aop-5.1.10.RELEASE.jar;C:\Users\C5278536\.m2\repository\org\springframework\spring-beans\5.1.10.RELEASE\spring-beans-5.1.10.RELEASE.jar;C:\Users\C5278536\.m2\repository\org\springframework\spring-expression\5.1.10.RELEASE\spring-expression-5.1.10.RELEASE.jar;C:\Users\C5278536\.m2\repository\org\springframework\boot\spring-boot-starter-cloud-connectors\2.1.9.RELEASE\spring-boot-starter-cloud-connectors-2.1.9.RELEASE.jar;C:\Users\C5278536\.m2\repository\org\springframework\boot\spring-boot-starter\2.1.9.RELEASE\spring-boot-starter-2.1.9.RELEASE.jar;C:\Users\C5278536\.m2\repository\org\springframework\boot\spring-boot-starter-logging\2.1.9.RELEASE\spring-boot-starter-logging-2.1.9.RELEASE.jar;C:\Users\C5278536\.m2\repository\ch\qos\logback\logback-classic\1.2.3\logback-classic-1.2.3.jar;C:\Users\C5278536\.m2\repository\ch\qos\logback\logback-core\1.2.3\logback-core-1.2.3.jar;C:\Users\C5278536\.m2\repository\org\apache\logging\log4j\log4j-to-slf4j\2.11.2\log4j-to-slf4j-2.11.2.jar;C:\Users\C5278536\.m2\repository\org\apache\logging\log4j\log4j-api\2.11.2\log4j-api-2.11.2.jar;C:\Users\C5278536\.m2\repository\org\slf4j\jul-to-slf4j\1.7.28\jul-to-slf4j-1.7.28.jar;C:\Users\C5278536\.m2\repository\org\yaml\snakeyaml\1.23\snakeyaml-1.23.jar;C:\Users\C5278536\.m2\repository\org\springframework\cloud\spring-cloud-heroku-connector\2.0.6.RELEASE\spring-cloud-heroku-connector-2.0.6.RELEASE.jar;C:\Users\C5278536\.m2\repository\org\springframework\cloud\spring-cloud-localconfig-connector\2.0.6.RELEASE\spring-cloud-localconfig-connector-2.0.6.RELEASE.jar;C:\Users\C5278536\.m2\repository\org\apache\commons\commons-lang3\3.8.1\commons-lang3-3.8.1.jar;C:\Users\C5278536\.m2\repository\com\sap\cloud\db\jdbc\ngdbc\2.3.62\ngdbc-2.3.62.jar;C:\Users\C5278536\.m2\repository\org\projectlombok\lombok\1.18.10\lombok-1.18.10.jar;C:\Users\C5278536\.m2\repository\org\springframework\boot\spring-boot-starter-web\2.1.9.RELEASE\spring-boot-starter-web-2.1.9.RELEASE.jar;C:\Users\C5278536\.m2\repository\org\springframework\boot\spring-boot-starter-json\2.1.9.RELEASE\spring-boot-starter-json-2.1.9.RELEASE.jar;C:\Users\C5278536\.m2\repository\com\fasterxml\jackson\datatype\jackson-datatype-jdk8\2.9.9\jackson-datatype-jdk8-2.9.9.jar;C:\Users\C5278536\.m2\repository\com\fasterxml\jackson\datatype\jackson-datatype-jsr310\2.9.9\jackson-datatype-jsr310-2.9.9.jar;C:\Users\C5278536\.m2\repository\com\fasterxml\jackson\module\jackson-module-parameter-names\2.9.9\jackson-module-parameter-names-2.9.9.jar;C:\Users\C5278536\.m2\repository\org\hibernate\validator\hibernate-validator\6.0.17.Final\hibernate-validator-6.0.17.Final.jar;C:\Users\C5278536\.m2\repository\javax\validation\validation-api\2.0.1.Final\validation-api-2.0.1.Final.jar;C:\Users\C5278536\.m2\repository\org\jboss\logging\jboss-logging\3.3.3.Final\jboss-logging-3.3.3.Final.jar;C:\Users\C5278536\.m2\repository\com\fasterxml\classmate\1.4.0\classmate-1.4.0.jar;C:\Users\C5278536\.m2\repository\org\springframework\spring-web\5.1.10.RELEASE\spring-web-5.1.10.RELEASE.jar;C:\Users\C5278536\.m2\repository\org\springframework\spring-webmvc\5.1.10.RELEASE\spring-webmvc-5.1.10.RELEASE.jar;C:\Users\C5278536\.m2\repository\com\sap\cloud\neo-java-web-api\3.34.3\neo-java-web-api-3.34.3.jar;C:\Users\C5278536\.m2\repository\javax\servlet\jsp\javax.servlet.jsp-api\2.3.1\javax.servlet.jsp-api-2.3.1.jar;C:\Users\C5278536\.m2\repository\javax\mail\javax.mail-api\1.6.2\javax.mail-api-1.6.2.jar;C:\Users\C5278536\.m2\repository\org\slf4j\slf4j-api\1.7.28\slf4j-api-1.7.28.jar;C:\Users\C5278536\.m2\repository\org\apache\chemistry\opencmis\chemistry-opencmis-client-api\1.0.0\chemistry-opencmis-client-api-1.0.0.jar;C:\Users\C5278536\.m2\repository\javax\websocket\javax.websocket-api\1.1\javax.websocket-api-1.1.jar;C:\Users\C5278536\.m2\repository\javax\el\javax.el-api\3.0.0\javax.el-api-3.0.0.jar;C:\Users\C5278536\.m2\repository\org\apache\chemistry\opencmis\chemistry-opencmis-commons-api\1.0.0\chemistry-opencmis-commons-api-1.0.0.jar;C:\Users\C5278536\.m2\repository\org\glassfish\javax.annotation\3.1-b41\javax.annotation-3.1-b41.jar;C:\Users\C5278536\.m2\repository\javax\servlet\javax.servlet-api\4.0.1\javax.servlet-api-4.0.1.jar;C:\Users\C5278536\.m2\repository\org\springframework\boot\spring-boot-starter-tomcat\2.1.9.RELEASE\spring-boot-starter-tomcat-2.1.9.RELEASE.jar;C:\Users\C5278536\.m2\repository\javax\annotation\javax.annotation-api\1.3.2\javax.annotation-api-1.3.2.jar;C:\Users\C5278536\.m2\repository\org\apache\tomcat\embed\tomcat-embed-core\9.0.26\tomcat-embed-core-9.0.26.jar;C:\Users\C5278536\.m2\repository\org\apache\tomcat\embed\tomcat-embed-el\9.0.26\tomcat-embed-el-9.0.26.jar;C:\Users\C5278536\.m2\repository\org\apache\tomcat\embed\tomcat-embed-websocket\9.0.26\tomcat-embed-websocket-9.0.26.jar;C:\Users\C5278536\.m2\repository\org\springframework\boot\spring-boot-devtools\2.1.9.RELEASE\spring-boot-devtools-2.1.9.RELEASE.jar;C:\Users\C5278536\.m2\repository\org\springframework\boot\spring-boot\2.1.9.RELEASE\spring-boot-2.1.9.RELEASE.jar;C:\Users\C5278536\.m2\repository\org\springframework\boot\spring-boot-autoconfigure\2.1.9.RELEASE\spring-boot-autoconfigure-2.1.9.RELEASE.jar;C:\Users\C5278536\.m2\repository\com\h2database\h2\1.4.199\h2-1.4.199.jar;C:\Users\C5278536\.m2\repository\org\eclipse\persistence\org.eclipse.persistence.core\2.7.4\org.eclipse.persistence.core-2.7.4.jar;C:\Users\C5278536\.m2\repository\org\eclipse\persistence\org.eclipse.persistence.asm\2.7.4\org.eclipse.persistence.asm-2.7.4.jar;C:\Users\C5278536\.m2\repository\org\eclipse\persistence\org.eclipse.persistence.jpa\2.7.4\org.eclipse.persistence.jpa-2.7.4.jar;C:\Users\C5278536\.m2\repository\org\eclipse\persistence\jakarta.persistence\2.2.2\jakarta.persistence-2.2.2.jar;C:\Users\C5278536\.m2\repository\org\eclipse\persistence\org.eclipse.persistence.antlr\2.7.4\org.eclipse.persistence.antlr-2.7.4.jar;C:\Users\C5278536\.m2\repository\org\eclipse\persistence\org.eclipse.persistence.jpa.jpql\2.7.4\org.eclipse.persistence.jpa.jpql-2.7.4.jar;C:\Users\C5278536\.m2\repository\org\springframework\boot\spring-boot-starter-test\2.1.9.RELEASE\spring-boot-starter-test-2.1.9.RELEASE.jar;C:\Users\C5278536\.m2\repository\org\springframework\boot\spring-boot-test\2.1.9.RELEASE\spring-boot-test-2.1.9.RELEASE.jar;C:\Users\C5278536\.m2\repository\org\springframework\boot\spring-boot-test-autoconfigure\2.1.9.RELEASE\spring-boot-test-autoconfigure-2.1.9.RELEASE.jar;C:\Users\C5278536\.m2\repository\com\jayway\jsonpath\json-path\2.4.0\json-path-2.4.0.jar;C:\Users\C5278536\.m2\repository\net\minidev\json-smart\2.3\json-smart-2.3.jar;C:\Users\C5278536\.m2\repository\net\minidev\accessors-smart\1.2\accessors-smart-1.2.jar;C:\Users\C5278536\.m2\repository\org\ow2\asm\asm\5.0.4\asm-5.0.4.jar;C:\Users\C5278536\.m2\repository\junit\junit\4.12\junit-4.12.jar;C:\Users\C5278536\.m2\repository\org\assertj\assertj-core\3.11.1\assertj-core-3.11.1.jar;C:\Users\C5278536\.m2\repository\org\mockito\mockito-core\2.23.4\mockito-core-2.23.4.jar;C:\Users\C5278536\.m2\repository\net\bytebuddy\byte-buddy\1.9.16\byte-buddy-1.9.16.jar;C:\Users\C5278536\.m2\repository\net\bytebuddy\byte-buddy-agent\1.9.16\byte-buddy-agent-1.9.16.jar;C:\Users\C5278536\.m2\repository\org\objenesis\objenesis\2.6\objenesis-2.6.jar;C:\Users\C5278536\.m2\repository\org\hamcrest\hamcrest-core\1.3\hamcrest-core-1.3.jar;C:\Users\C5278536\.m2\repository\org\hamcrest\hamcrest-library\1.3\hamcrest-library-1.3.jar;C:\Users\C5278536\.m2\repository\org\skyscreamer\jsonassert\1.5.0\jsonassert-1.5.0.jar;C:\Users\C5278536\.m2\repository\com\vaadin\external\google\android-json\0.0.20131108.vaadin1\android-json-0.0.20131108.vaadin1.jar;C:\Users\C5278536\.m2\repository\org\springframework\spring-core\5.1.10.RELEASE\spring-core-5.1.10.RELEASE.jar;C:\Users\C5278536\.m2\repository\org\springframework\spring-jcl\5.1.10.RELEASE\spring-jcl-5.1.10.RELEASE.jar;C:\Users\C5278536\.m2\repository\org\springframework\spring-test\5.1.10.RELEASE\spring-test-5.1.10.RELEASE.jar;C:\Users\C5278536\.m2\repository\org\xmlunit\xmlunit-core\2.6.3\xmlunit-core-2.6.3.jar;C:\Users\C5278536\.m2\repository\org\springframework\boot\spring-boot-starter-data-jpa\2.1.9.RELEASE\spring-boot-starter-data-jpa-2.1.9.RELEASE.jar;C:\Users\C5278536\.m2\repository\org\springframework\boot\spring-boot-starter-aop\2.1.9.RELEASE\spring-boot-starter-aop-2.1.9.RELEASE.jar;C:\Users\C5278536\.m2\repository\org\aspectj\aspectjweaver\1.9.4\aspectjweaver-1.9.4.jar;C:\Users\C5278536\.m2\repository\org\springframework\boot\spring-boot-starter-jdbc\2.1.9.RELEASE\spring-boot-starter-jdbc-2.1.9.RELEASE.jar;C:\Users\C5278536\.m2\repository\com\zaxxer\HikariCP\3.2.0\HikariCP-3.2.0.jar;C:\Users\C5278536\.m2\repository\org\springframework\spring-jdbc\5.1.10.RELEASE\spring-jdbc-5.1.10.RELEASE.jar;C:\Users\C5278536\.m2\repository\javax\transaction\javax.transaction-api\1.3\javax.transaction-api-1.3.jar;C:\Users\C5278536\.m2\repository\javax\xml\bind\jaxb-api\2.3.1\jaxb-api-2.3.1.jar;C:\Users\C5278536\.m2\repository\javax\activation\javax.activation-api\1.2.0\javax.activation-api-1.2.0.jar;C:\Users\C5278536\.m2\repository\org\hibernate\hibernate-core\5.3.12.Final\hibernate-core-5.3.12.Final.jar;C:\Users\C5278536\.m2\repository\javax\persistence\javax.persistence-api\2.2\javax.persistence-api-2.2.jar;C:\Users\C5278536\.m2\repository\org\javassist\javassist\3.23.2-GA\javassist-3.23.2-GA.jar;C:\Users\C5278536\.m2\repository\antlr\antlr\2.7.7\antlr-2.7.7.jar;C:\Users\C5278536\.m2\repository\org\jboss\jandex\2.0.5.Final\jandex-2.0.5.Final.jar;C:\Users\C5278536\.m2\repository\org\dom4j\dom4j\2.1.1\dom4j-2.1.1.jar;C:\Users\C5278536\.m2\repository\org\hibernate\common\hibernate-commons-annotations\5.0.4.Final\hibernate-commons-annotations-5.0.4.Final.jar;C:\Users\C5278536\.m2\repository\org\glassfish\jaxb\jaxb-runtime\2.3.1\jaxb-runtime-2.3.1.jar;C:\Users\C5278536\.m2\repository\org\glassfish\jaxb\txw2\2.3.1\txw2-2.3.1.jar;C:\Users\C5278536\.m2\repository\com\sun\istack\istack-commons-runtime\3.0.7\istack-commons-runtime-3.0.7.jar;C:\Users\C5278536\.m2\repository\org\jvnet\staxex\stax-ex\1.8\stax-ex-1.8.jar;C:\Users\C5278536\.m2\repository\com\sun\xml\fastinfoset\FastInfoset\1.2.15\FastInfoset-1.2.15.jar;C:\Users\C5278536\.m2\repository\org\springframework\data\spring-data-jpa\2.1.11.RELEASE\spring-data-jpa-2.1.11.RELEASE.jar;C:\Users\C5278536\.m2\repository\org\springframework\data\spring-data-commons\2.1.11.RELEASE\spring-data-commons-2.1.11.RELEASE.jar;C:\Users\C5278536\.m2\repository\org\springframework\spring-orm\5.1.10.RELEASE\spring-orm-5.1.10.RELEASE.jar;C:\Users\C5278536\.m2\repository\org\springframework\spring-tx\5.1.10.RELEASE\spring-tx-5.1.10.RELEASE.jar;C:\Users\C5278536\.m2\repository\org\springframework\spring-aspects\5.1.10.RELEASE\spring-aspects-5.1.10.RELEASE.jar;C:\Users\C5278536\.m2\repository\com\fasterxml\jackson\core\jackson-databind\2.9.9.3\jackson-databind-2.9.9.3.jar;C:\Users\C5278536\.m2\repository\com\fasterxml\jackson\core\jackson-annotations\2.9.0\jackson-annotations-2.9.0.jar;C:\Users\C5278536\.m2\repository\com\fasterxml\jackson\core\jackson-core\2.9.9\jackson-core-2.9.9.jar;"/>
    <property name="sun.cpu.endian" value="little"/>
    <property name="user.home" value="C:\Users\C5278536"/>
    <property name="user.language" value="en"/>
    <property name="java.specification.vendor" value="Oracle Corporation"/>
    <property name="java.home" value="C:\Program Files\Java\jdk1.8.0_221\jre"/>
    <property name="basedir" value="C:\Users\C5278536\Documents\Learnings\Spring Boot\Example1\demo1"/>
    <property name="file.separator" value="\"/>
    <property name="line.separator" value="&#10;"/>
    <property name="java.vm.specification.vendor" value="Oracle Corporation"/>
    <property name="java.specification.name" value="Java Platform API Specification"/>
    <property name="java.awt.graphicsenv" value="sun.awt.Win32GraphicsEnvironment"/>
    <property name="surefire.real.class.path" value="C:\Users\C5278536\AppData\Local\Temp\surefire3362343874677819475\surefirebooter7935633094526497192.jar"/>
    <property name="sun.boot.class.path" value="C:\Program Files\Java\jdk1.8.0_221\jre\lib\resources.jar;C:\Program Files\Java\jdk1.8.0_221\jre\lib\rt.jar;C:\Program Files\Java\jdk1.8.0_221\jre\lib\sunrsasign.jar;C:\Program Files\Java\jdk1.8.0_221\jre\lib\jsse.jar;C:\Program Files\Java\jdk1.8.0_221\jre\lib\jce.jar;C:\Program Files\Java\jdk1.8.0_221\jre\lib\charsets.jar;C:\Program Files\Java\jdk1.8.0_221\jre\lib\jfr.jar;C:\Program Files\Java\jdk1.8.0_221\jre\classes"/>
    <property name="user.script" value=""/>
    <property name="sun.management.compiler" value="HotSpot 64-Bit Tiered Compilers"/>
    <property name="java.runtime.version" value="1.8.0_221-b11"/>
    <property name="user.name" value="C5278536"/>
    <property name="path.separator" value=";"/>
    <property name="os.version" value="10.0"/>
    <property name="java.endorsed.dirs" value="C:\Program Files\Java\jdk1.8.0_221\jre\lib\endorsed"/>
    <property name="java.runtime.name" value="Java(TM) SE Runtime Environment"/>
    <property name="file.encoding" value="Cp1252"/>
    <property name="java.vm.name" value="Java HotSpot(TM) 64-Bit Server VM"/>
    <property name="localRepository" value="C:\Users\C5278536\.m2\repository"/>
    <property name="java.vendor.url.bug" value="http://bugreport.sun.com/bugreport/"/>
    <property name="java.io.tmpdir" value="C:\Users\C5278536\AppData\Local\Temp\"/>
    <property name="java.version" value="1.8.0_221"/>
    <property name="user.dir" value="C:\Users\C5278536\Documents\Learnings\Spring Boot\Example1\demo1"/>
    <property name="os.arch" value="amd64"/>
    <property name="java.vm.specification.name" value="Java Virtual Machine Specification"/>
    <property name="java.awt.printerjob" value="sun.awt.windows.WPrinterJob"/>
    <property name="sun.os.patch.level" value=""/>
    <property name="java.library.path" value="C:\Program Files\Java\jdk1.8.0_221\jre\bin;C:\WINDOWS\Sun\Java\bin;C:\WINDOWS\system32;C:\WINDOWS;C:\Program Files (x86)\Common Files\Oracle\Java\javapath;c:\windows\system32;c:\windows;c:\windows\system32\wbem;c:\windows\system32\windowspowershell\v1.0\;c:\windows\system32\openssh\;C:\WINDOWS\system32;C:\WINDOWS;C:\WINDOWS\System32\Wbem;C:\WINDOWS\System32\WindowsPowerShell\v1.0\;C:\WINDOWS\System32\OpenSSH\;C:\Program Files\nodejs\;C:\Program Files\Cloud Foundry;C:\apache-maven-3.6.1\bin;C:\Program Files\Java\jdk1.8.0_221\bin;C:\Users\C5278536\AppData\Local\Programs\Python\Python37-32\Scripts\;C:\Users\C5278536\AppData\Local\Programs\Python\Python37-32\;C:\Users\C5278536\AppData\Local\Microsoft\WindowsApps;;C:\Users\C5278536\AppData\Local\Programs\Microsoft VS Code\bin;C:\Users\C5278536\AppData\Roaming\npm;."/>
    <property name="java.vm.info" value="mixed mode"/>
    <property name="java.vendor" value="Oracle Corporation"/>
    <property name="java.vm.version" value="25.221-b11"/>
    <property name="java.ext.dirs" value="C:\Program Files\Java\jdk1.8.0_221\jre\lib\ext;C:\WINDOWS\Sun\Java\lib\ext"/>
    <property name="sun.io.unicode.encoding" value="UnicodeLittle"/>
    <property name="java.class.version" value="52.0"/>
  </properties>
  <testcase name="contextLoads" classname="com.example.demo1.DemoApplicationTests" time="0"/>
</testsuite>